# JRE version: OpenJDK Runtime Environment SapMachine (11.0.13+8) (build 11.0.13+8-LTS-sapmachine)
# Java VM: OpenJDK 64-Bit Server VM SapMachine (11.0.13+8-LTS-sapmachine, mixed mode, tiered, compressed oops, g1 gc, bsd-amd64)
Heap:
 garbage-first heap   total 131072K, used 19175K [0x0000000780000000, 0x0000000800000000)
  region size 1024K, 7 young (7168K), 3 survivors (3072K)
 Metaspace       used 30537K, capacity 31681K, committed 31792K, reserved 1077248K
  class space    used 3656K, capacity 4130K, committed 4224K, reserved 1048576K
GC Heap History (10 events):
Event: 0.962 GC heap before
{Heap before GC invocations=0 (full 0):
 garbage-first heap   total 131072K, used 13312K [0x0000000780000000, 0x0000000800000000)
  region size 1024K, 14 young (14336K), 0 survivors (0K)
 Metaspace       used 10251K, capacity 10546K, committed 10880K, reserved 1058816K
  class space    used 1007K, capacity 1120K, committed 1152K, reserved 1048576K
}
Event: 0.968 GC heap after
{Heap after GC invocations=1 (full 0):
 garbage-first heap   total 131072K, used 3242K [0x0000000780000000, 0x0000000800000000)
  region size 1024K, 2 young (2048K), 2 survivors (2048K)
 Metaspace       used 10251K, capacity 10546K, committed 10880K, reserved 1058816K
  class space    used 1007K, capacity 1120K, committed 1152K, reserved 1048576K
}
Event: 2.541 GC heap before
{Heap before GC invocations=1 (full 0):
 garbage-first heap   total 131072K, used 8362K [0x0000000780000000, 0x0000000800000000)
  region size 1024K, 7 young (7168K), 2 survivors (2048K)
 Metaspace       used 13134K, capacity 13503K, committed 13824K, reserved 1060864K
  class space    used 1339K, capacity 1463K, committed 1536K, reserved 1048576K
}
Event: 2.544 GC heap after
{Heap after GC invocations=2 (full 0):
 garbage-first heap   total 131072K, used 4514K [0x0000000780000000, 0x0000000800000000)
  region size 1024K, 1 young (1024K), 1 survivors (1024K)
 Metaspace       used 13134K, capacity 13503K, committed 13824K, reserved 1060864K
  class space    used 1339K, capacity 1463K, committed 1536K, reserved 1048576K
}
Event: 3.202 GC heap before
{Heap before GC invocations=2 (full 0):
 garbage-first heap   total 131072K, used 26018K [0x0000000780000000, 0x0000000800000000)
  region size 1024K, 24 young (24576K), 1 survivors (1024K)
 Metaspace       used 20523K, capacity 21093K, committed 21296K, reserved 1069056K
  class space    used 2351K, capacity 2567K, committed 2688K, reserved 1048576K
}
Event: 3.209 GC heap after
{Heap after GC invocations=3 (full 0):
 garbage-first heap   total 131072K, used 7816K [0x0000000780000000, 0x0000000800000000)
  region size 1024K, 4 young (4096K), 4 survivors (4096K)
 Metaspace       used 20523K, capacity 21093K, committed 21296K, reserved 1069056K
  class space    used 2351K, capacity 2567K, committed 2688K, reserved 1048576K
}
Event: 12.719 GC heap before
{Heap before GC invocations=4 (full 0):
 garbage-first heap   total 131072K, used 42632K [0x0000000780000000, 0x0000000800000000)
  region size 1024K, 36 young (36864K), 4 survivors (4096K)
 Metaspace       used 28409K, capacity 29512K, committed 29872K, reserved 1075200K
  class space    used 3513K, capacity 3969K, committed 4096K, reserved 1048576K
}
Event: 12.732 GC heap after
{Heap after GC invocations=5 (full 0):
 garbage-first heap   total 131072K, used 14271K [0x0000000780000000, 0x0000000800000000)
  region size 1024K, 5 young (5120K), 5 survivors (5120K)
 Metaspace       used 28409K, capacity 29512K, committed 29872K, reserved 1075200K
  class space    used 3513K, capacity 3969K, committed 4096K, reserved 1048576K
}
Event: 432.114 GC heap before
{Heap before GC invocations=5 (full 0):
 garbage-first heap   total 131072K, used 61375K [0x0000000780000000, 0x0000000800000000)
  region size 1024K, 51 young (52224K), 5 survivors (5120K)
 Metaspace       used 30525K, capacity 31681K, committed 31792K, reserved 1077248K
  class space    used 3656K, capacity 4130K, committed 4224K, reserved 1048576K
}
Event: 432.143 GC heap after
{Heap after GC invocations=6 (full 0):
 garbage-first heap   total 131072K, used 16103K [0x0000000780000000, 0x0000000800000000)
  region size 1024K, 3 young (3072K), 3 survivors (3072K)
 Metaspace       used 30525K, capacity 31681K, committed 31792K, reserved 1077248K
  class space    used 3656K, capacity 4130K, committed 4224K, reserved 1048576K
}

