# JRE version: OpenJDK Runtime Environment SapMachine (11.0.13+8) (build 11.0.13+8-LTS-sapmachine)
# Java VM: OpenJDK 64-Bit Server VM SapMachine (11.0.13+8-LTS-sapmachine, mixed mode, tiered, compressed oops, g1 gc, bsd-amd64)
Heap:
 garbage-first heap   total 131072K, used 30718K [0x0000000780000000, 0x0000000800000000)
  region size 1024K, 27 young (27648K), 5 survivors (5120K)
 Metaspace       used 25719K, capacity 26608K, committed 26928K, reserved 1073152K
  class space    used 3048K, capacity 3422K, committed 3456K, reserved 1048576K
GC Heap History (6 events):
Event: 0.824 GC heap before
{Heap before GC invocations=0 (full 0):
 garbage-first heap   total 131072K, used 13312K [0x0000000780000000, 0x0000000800000000)
  region size 1024K, 14 young (14336K), 0 survivors (0K)
 Metaspace       used 10307K, capacity 10590K, committed 10880K, reserved 1058816K
  class space    used 1025K, capacity 1152K, committed 1152K, reserved 1048576K
}
Event: 0.839 GC heap after
{Heap after GC invocations=1 (full 0):
 garbage-first heap   total 131072K, used 3185K [0x0000000780000000, 0x0000000800000000)
  region size 1024K, 2 young (2048K), 2 survivors (2048K)
 Metaspace       used 10307K, capacity 10590K, committed 10880K, reserved 1058816K
  class space    used 1025K, capacity 1152K, committed 1152K, reserved 1048576K
}
Event: 2.407 GC heap before
{Heap before GC invocations=1 (full 0):
 garbage-first heap   total 131072K, used 14449K [0x0000000780000000, 0x0000000800000000)
  region size 1024K, 13 young (13312K), 2 survivors (2048K)
 Metaspace       used 15321K, capacity 15720K, committed 16000K, reserved 1062912K
  class space    used 1650K, capacity 1796K, committed 1920K, reserved 1048576K
}
Event: 2.411 GC heap after
{Heap after GC invocations=2 (full 0):
 garbage-first heap   total 131072K, used 4159K [0x0000000780000000, 0x0000000800000000)
  region size 1024K, 2 young (2048K), 2 survivors (2048K)
 Metaspace       used 15321K, capacity 15720K, committed 16000K, reserved 1062912K
  class space    used 1650K, capacity 1796K, committed 1920K, reserved 1048576K
}
Event: 3.010 GC heap before
{Heap before GC invocations=2 (full 0):
 garbage-first heap   total 131072K, used 19519K [0x0000000780000000, 0x0000000800000000)
  region size 1024K, 18 young (18432K), 2 survivors (2048K)
 Metaspace       used 20502K, capacity 21038K, committed 21296K, reserved 1069056K
  class space    used 2342K, capacity 2566K, committed 2688K, reserved 1048576K
}
Event: 3.016 GC heap after
{Heap after GC invocations=3 (full 0):
 garbage-first heap   total 131072K, used 7166K [0x0000000780000000, 0x0000000800000000)
  region size 1024K, 5 young (5120K), 5 survivors (5120K)
 Metaspace       used 20502K, capacity 21038K, committed 21296K, reserved 1069056K
  class space    used 2342K, capacity 2566K, committed 2688K, reserved 1048576K
}

