# JRE version: OpenJDK Runtime Environment SapMachine (11.0.13+8) (build 11.0.13+8-LTS-sapmachine)
# Java VM: OpenJDK 64-Bit Server VM SapMachine (11.0.13+8-LTS-sapmachine, mixed mode, tiered, compressed oops, g1 gc, bsd-amd64)
Heap:
 garbage-first heap   total 131072K, used 44237K [0x0000000780000000, 0x0000000800000000)
  region size 1024K, 38 young (38912K), 5 survivors (5120K)
 Metaspace       used 29443K, capacity 30762K, committed 30972K, reserved 1075200K
  class space    used 3721K, capacity 4283K, committed 4352K, reserved 1048576K
GC Heap History (6 events):
Event: 0.927 GC heap before
{Heap before GC invocations=0 (full 0):
 garbage-first heap   total 131072K, used 13312K [0x0000000780000000, 0x0000000800000000)
  region size 1024K, 14 young (14336K), 0 survivors (0K)
 Metaspace       used 10358K, capacity 10654K, committed 10880K, reserved 1058816K
  class space    used 1032K, capacity 1152K, committed 1152K, reserved 1048576K
}
Event: 0.930 GC heap after
{Heap after GC invocations=1 (full 0):
 garbage-first heap   total 131072K, used 3103K [0x0000000780000000, 0x0000000800000000)
  region size 1024K, 2 young (2048K), 2 survivors (2048K)
 Metaspace       used 10358K, capacity 10654K, committed 10880K, reserved 1058816K
  class space    used 1032K, capacity 1152K, committed 1152K, reserved 1048576K
}
Event: 1.314 GC heap before
{Heap before GC invocations=1 (full 0):
 garbage-first heap   total 131072K, used 14367K [0x0000000780000000, 0x0000000800000000)
  region size 1024K, 13 young (13312K), 2 survivors (2048K)
 Metaspace       used 14927K, capacity 15340K, committed 15616K, reserved 1062912K
  class space    used 1627K, capacity 1778K, committed 1792K, reserved 1048576K
}
Event: 1.321 GC heap after
{Heap after GC invocations=2 (full 0):
 garbage-first heap   total 131072K, used 4175K [0x0000000780000000, 0x0000000800000000)
  region size 1024K, 2 young (2048K), 2 survivors (2048K)
 Metaspace       used 14927K, capacity 15340K, committed 15616K, reserved 1062912K
  class space    used 1627K, capacity 1778K, committed 1792K, reserved 1048576K
}
Event: 2.009 GC heap before
{Heap before GC invocations=2 (full 0):
 garbage-first heap   total 131072K, used 20559K [0x0000000780000000, 0x0000000800000000)
  region size 1024K, 20 young (20480K), 2 survivors (2048K)
 Metaspace       used 20597K, capacity 21192K, committed 21248K, reserved 1067008K
  class space    used 2520K, capacity 2795K, committed 2816K, reserved 1048576K
}
Event: 2.018 GC heap after
{Heap after GC invocations=3 (full 0):
 garbage-first heap   total 131072K, used 7373K [0x0000000780000000, 0x0000000800000000)
  region size 1024K, 5 young (5120K), 5 survivors (5120K)
 Metaspace       used 20597K, capacity 21192K, committed 21248K, reserved 1067008K
  class space    used 2520K, capacity 2795K, committed 2816K, reserved 1048576K
}

