# JRE version: OpenJDK Runtime Environment SapMachine (11.0.13+8) (build 11.0.13+8-LTS-sapmachine)
# Java VM: OpenJDK 64-Bit Server VM SapMachine (11.0.13+8-LTS-sapmachine, mixed mode, tiered, compressed oops, g1 gc, bsd-amd64)
Heap:
 garbage-first heap   total 131072K, used 22259K [0x0000000780000000, 0x0000000800000000)
  region size 1024K, 11 young (11264K), 2 survivors (2048K)
 Metaspace       used 35511K, capacity 37057K, committed 37324K, reserved 1081344K
  class space    used 4494K, capacity 5183K, committed 5248K, reserved 1048576K
GC Heap History (10 events):
Event: 1.060 GC heap before
{Heap before GC invocations=0 (full 0):
 garbage-first heap   total 131072K, used 13312K [0x0000000780000000, 0x0000000800000000)
  region size 1024K, 14 young (14336K), 0 survivors (0K)
 Metaspace       used 10396K, capacity 10718K, committed 10880K, reserved 1058816K
  class space    used 1034K, capacity 1152K, committed 1152K, reserved 1048576K
}
Event: 1.067 GC heap after
{Heap after GC invocations=1 (full 0):
 garbage-first heap   total 131072K, used 3039K [0x0000000780000000, 0x0000000800000000)
  region size 1024K, 2 young (2048K), 2 survivors (2048K)
 Metaspace       used 10396K, capacity 10718K, committed 10880K, reserved 1058816K
  class space    used 1034K, capacity 1152K, committed 1152K, reserved 1048576K
}
Event: 1.322 GC heap before
{Heap before GC invocations=1 (full 0):
 garbage-first heap   total 131072K, used 9183K [0x0000000780000000, 0x0000000800000000)
  region size 1024K, 8 young (8192K), 2 survivors (2048K)
 Metaspace       used 12656K, capacity 12965K, committed 13312K, reserved 1060864K
  class space    used 1353K, capacity 1476K, committed 1536K, reserved 1048576K
}
Event: 1.325 GC heap after
{Heap after GC invocations=2 (full 0):
 garbage-first heap   total 131072K, used 3729K [0x0000000780000000, 0x0000000800000000)
  region size 1024K, 1 young (1024K), 1 survivors (1024K)
 Metaspace       used 12656K, capacity 12965K, committed 13312K, reserved 1060864K
  class space    used 1353K, capacity 1476K, committed 1536K, reserved 1048576K
}
Event: 2.266 GC heap before
{Heap before GC invocations=2 (full 0):
 garbage-first heap   total 131072K, used 24209K [0x0000000780000000, 0x0000000800000000)
  region size 1024K, 23 young (23552K), 1 survivors (1024K)
 Metaspace       used 20482K, capacity 21079K, committed 21248K, reserved 1067008K
  class space    used 2490K, capacity 2754K, committed 2816K, reserved 1048576K
}
Event: 2.281 GC heap after
{Heap after GC invocations=3 (full 0):
 garbage-first heap   total 131072K, used 7297K [0x0000000780000000, 0x0000000800000000)
  region size 1024K, 4 young (4096K), 4 survivors (4096K)
 Metaspace       used 20482K, capacity 21079K, committed 21248K, reserved 1067008K
  class space    used 2490K, capacity 2754K, committed 2816K, reserved 1048576K
}
Event: 9.686 GC heap before
{Heap before GC invocations=4 (full 0):
 garbage-first heap   total 131072K, used 43137K [0x0000000780000000, 0x0000000800000000)
  region size 1024K, 35 young (35840K), 4 survivors (4096K)
 Metaspace       used 28345K, capacity 29564K, committed 29824K, reserved 1075200K
  class space    used 3624K, capacity 4163K, committed 4224K, reserved 1048576K
}
Event: 9.697 GC heap after
{Heap after GC invocations=5 (full 0):
 garbage-first heap   total 131072K, used 13528K [0x0000000780000000, 0x0000000800000000)
  region size 1024K, 5 young (5120K), 5 survivors (5120K)
 Metaspace       used 28345K, capacity 29564K, committed 29824K, reserved 1075200K
  class space    used 3624K, capacity 4163K, committed 4224K, reserved 1048576K
}
Event: 12.897 GC heap before
{Heap before GC invocations=5 (full 0):
 garbage-first heap   total 131072K, used 20696K [0x0000000780000000, 0x0000000800000000)
  region size 1024K, 13 young (13312K), 5 survivors (5120K)
 Metaspace       used 34223K, capacity 35712K, committed 35840K, reserved 1081344K
  class space    used 4336K, capacity 4982K, committed 4992K, reserved 1048576K
}
Event: 12.906 GC heap after
{Heap after GC invocations=6 (full 0):
 garbage-first heap   total 131072K, used 15091K [0x0000000780000000, 0x0000000800000000)
  region size 1024K, 2 young (2048K), 2 survivors (2048K)
 Metaspace       used 34223K, capacity 35712K, committed 35840K, reserved 1081344K
  class space    used 4336K, capacity 4982K, committed 4992K, reserved 1048576K
}

