# JRE version: OpenJDK Runtime Environment SapMachine (11.0.13+8) (build 11.0.13+8-LTS-sapmachine)
# Java VM: OpenJDK 64-Bit Server VM SapMachine (11.0.13+8-LTS-sapmachine, mixed mode, tiered, compressed oops, g1 gc, bsd-amd64)
Heap:
 garbage-first heap   total 131072K, used 16295K [0x0000000780000000, 0x0000000800000000)
  region size 1024K, 8 young (8192K), 4 survivors (4096K)
 Metaspace       used 27983K, capacity 29246K, committed 29564K, reserved 1075200K
  class space    used 3607K, capacity 4144K, committed 4224K, reserved 1048576K
GC Heap History (8 events):
Event: 2.204 GC heap before
{Heap before GC invocations=0 (full 0):
 garbage-first heap   total 131072K, used 13312K [0x0000000780000000, 0x0000000800000000)
  region size 1024K, 14 young (14336K), 0 survivors (0K)
 Metaspace       used 10855K, capacity 11156K, committed 11520K, reserved 1058816K
  class space    used 1059K, capacity 1190K, committed 1280K, reserved 1048576K
}
Event: 2.284 GC heap after
{Heap after GC invocations=1 (full 0):
 garbage-first heap   total 131072K, used 3341K [0x0000000780000000, 0x0000000800000000)
  region size 1024K, 2 young (2048K), 2 survivors (2048K)
 Metaspace       used 10855K, capacity 11156K, committed 11520K, reserved 1058816K
  class space    used 1059K, capacity 1190K, committed 1280K, reserved 1048576K
}
Event: 2.823 GC heap before
{Heap before GC invocations=1 (full 0):
 garbage-first heap   total 131072K, used 13581K [0x0000000780000000, 0x0000000800000000)
  region size 1024K, 12 young (12288K), 2 survivors (2048K)
 Metaspace       used 14345K, capacity 14700K, committed 15104K, reserved 1062912K
  class space    used 1579K, capacity 1714K, committed 1792K, reserved 1048576K
}
Event: 2.839 GC heap after
{Heap after GC invocations=2 (full 0):
 garbage-first heap   total 131072K, used 4248K [0x0000000780000000, 0x0000000800000000)
  region size 1024K, 1 young (1024K), 1 survivors (1024K)
 Metaspace       used 14345K, capacity 14700K, committed 15104K, reserved 1062912K
  class space    used 1579K, capacity 1714K, committed 1792K, reserved 1048576K
}
Event: 4.861 GC heap before
{Heap before GC invocations=2 (full 0):
 garbage-first heap   total 131072K, used 21656K [0x0000000780000000, 0x0000000800000000)
  region size 1024K, 19 young (19456K), 1 survivors (1024K)
 Metaspace       used 20539K, capacity 21192K, committed 21248K, reserved 1067008K
  class space    used 2520K, capacity 2795K, committed 2816K, reserved 1048576K
}
Event: 4.882 GC heap after
{Heap after GC invocations=3 (full 0):
 garbage-first heap   total 131072K, used 7457K [0x0000000780000000, 0x0000000800000000)
  region size 1024K, 4 young (4096K), 4 survivors (4096K)
 Metaspace       used 20539K, capacity 21192K, committed 21248K, reserved 1067008K
  class space    used 2520K, capacity 2795K, committed 2816K, reserved 1048576K
}
Event: 9.403 GC heap before
{Heap before GC invocations=4 (full 0):
 garbage-first heap   total 131072K, used 39201K [0x0000000780000000, 0x0000000800000000)
  region size 1024K, 31 young (31744K), 4 survivors (4096K)
 Metaspace       used 27618K, capacity 28882K, committed 29052K, reserved 1075200K
  class space    used 3586K, capacity 4132K, committed 4224K, reserved 1048576K
}
Event: 9.417 GC heap after
{Heap after GC invocations=5 (full 0):
 garbage-first heap   total 131072K, used 13223K [0x0000000780000000, 0x0000000800000000)
  region size 1024K, 4 young (4096K), 4 survivors (4096K)
 Metaspace       used 27618K, capacity 28882K, committed 29052K, reserved 1075200K
  class space    used 3586K, capacity 4132K, committed 4224K, reserved 1048576K
}

