# JRE version: OpenJDK Runtime Environment SapMachine (11.0.13+8) (build 11.0.13+8-LTS-sapmachine)
# Java VM: OpenJDK 64-Bit Server VM SapMachine (11.0.13+8-LTS-sapmachine, mixed mode, tiered, compressed oops, g1 gc, bsd-amd64)
Heap:
 garbage-first heap   total 131072K, used 46347K [0x0000000780000000, 0x0000000800000000)
  region size 1024K, 42 young (43008K), 5 survivors (5120K)
 Metaspace       used 28720K, capacity 29909K, committed 30128K, reserved 1075200K
  class space    used 3564K, capacity 4057K, committed 4096K, reserved 1048576K
GC Heap History (6 events):
Event: 0.735 GC heap before
{Heap before GC invocations=0 (full 0):
 garbage-first heap   total 131072K, used 13312K [0x0000000780000000, 0x0000000800000000)
  region size 1024K, 14 young (14336K), 0 survivors (0K)
 Metaspace       used 10571K, capacity 10884K, committed 11264K, reserved 1058816K
  class space    used 1061K, capacity 1186K, committed 1280K, reserved 1048576K
}
Event: 0.739 GC heap after
{Heap after GC invocations=1 (full 0):
 garbage-first heap   total 131072K, used 3092K [0x0000000780000000, 0x0000000800000000)
  region size 1024K, 2 young (2048K), 2 survivors (2048K)
 Metaspace       used 10571K, capacity 10884K, committed 11264K, reserved 1058816K
  class space    used 1061K, capacity 1186K, committed 1280K, reserved 1048576K
}
Event: 1.760 GC heap before
{Heap before GC invocations=1 (full 0):
 garbage-first heap   total 131072K, used 14356K [0x0000000780000000, 0x0000000800000000)
  region size 1024K, 13 young (13312K), 2 survivors (2048K)
 Metaspace       used 15420K, capacity 15830K, committed 16000K, reserved 1062912K
  class space    used 1669K, capacity 1832K, committed 1920K, reserved 1048576K
}
Event: 1.763 GC heap after
{Heap after GC invocations=2 (full 0):
 garbage-first heap   total 131072K, used 4409K [0x0000000780000000, 0x0000000800000000)
  region size 1024K, 2 young (2048K), 2 survivors (2048K)
 Metaspace       used 15420K, capacity 15830K, committed 16000K, reserved 1062912K
  class space    used 1669K, capacity 1832K, committed 1920K, reserved 1048576K
}
Event: 2.499 GC heap before
{Heap before GC invocations=2 (full 0):
 garbage-first heap   total 131072K, used 19769K [0x0000000780000000, 0x0000000800000000)
  region size 1024K, 18 young (18432K), 2 survivors (2048K)
 Metaspace       used 20427K, capacity 21032K, committed 21296K, reserved 1069056K
  class space    used 2344K, capacity 2585K, committed 2688K, reserved 1048576K
}
Event: 2.507 GC heap after
{Heap after GC invocations=3 (full 0):
 garbage-first heap   total 131072K, used 7435K [0x0000000780000000, 0x0000000800000000)
  region size 1024K, 5 young (5120K), 5 survivors (5120K)
 Metaspace       used 20427K, capacity 21032K, committed 21296K, reserved 1069056K
  class space    used 2344K, capacity 2585K, committed 2688K, reserved 1048576K
}

