# JRE version: OpenJDK Runtime Environment SapMachine (11.0.13+8) (build 11.0.13+8-LTS-sapmachine)
# Java VM: OpenJDK 64-Bit Server VM SapMachine (11.0.13+8-LTS-sapmachine, mixed mode, tiered, compressed oops, g1 gc, bsd-amd64)
Heap:
 garbage-first heap   total 131072K, used 33473K [0x0000000780000000, 0x0000000800000000)
  region size 1024K, 30 young (30720K), 10 survivors (10240K)
 Metaspace       used 36344K, capacity 37984K, committed 38300K, reserved 1083392K
  class space    used 4524K, capacity 5256K, committed 5372K, reserved 1048576K
GC Heap History (8 events):
Event: 1.051 GC heap before
{Heap before GC invocations=0 (full 0):
 garbage-first heap   total 131072K, used 13312K [0x0000000780000000, 0x0000000800000000)
  region size 1024K, 14 young (14336K), 0 survivors (0K)
 Metaspace       used 10497K, capacity 10756K, committed 11008K, reserved 1058816K
  class space    used 1058K, capacity 1186K, committed 1280K, reserved 1048576K
}
Event: 1.057 GC heap after
{Heap after GC invocations=1 (full 0):
 garbage-first heap   total 131072K, used 3352K [0x0000000780000000, 0x0000000800000000)
  region size 1024K, 2 young (2048K), 2 survivors (2048K)
 Metaspace       used 10497K, capacity 10756K, committed 11008K, reserved 1058816K
  class space    used 1058K, capacity 1186K, committed 1280K, reserved 1048576K
}
Event: 1.466 GC heap before
{Heap before GC invocations=1 (full 0):
 garbage-first heap   total 131072K, used 14616K [0x0000000780000000, 0x0000000800000000)
  region size 1024K, 13 young (13312K), 2 survivors (2048K)
 Metaspace       used 14909K, capacity 15340K, committed 15616K, reserved 1062912K
  class space    used 1627K, capacity 1778K, committed 1792K, reserved 1048576K
}
Event: 1.482 GC heap after
{Heap after GC invocations=2 (full 0):
 garbage-first heap   total 131072K, used 4204K [0x0000000780000000, 0x0000000800000000)
  region size 1024K, 2 young (2048K), 2 survivors (2048K)
 Metaspace       used 14909K, capacity 15340K, committed 15616K, reserved 1062912K
  class space    used 1627K, capacity 1778K, committed 1792K, reserved 1048576K
}
Event: 2.342 GC heap before
{Heap before GC invocations=2 (full 0):
 garbage-first heap   total 131072K, used 21612K [0x0000000780000000, 0x0000000800000000)
  region size 1024K, 20 young (20480K), 2 survivors (2048K)
 Metaspace       used 20580K, capacity 21195K, committed 21248K, reserved 1067008K
  class space    used 2518K, capacity 2796K, committed 2816K, reserved 1048576K
}
Event: 2.352 GC heap after
{Heap after GC invocations=3 (full 0):
 garbage-first heap   total 131072K, used 7423K [0x0000000780000000, 0x0000000800000000)
  region size 1024K, 5 young (5120K), 5 survivors (5120K)
 Metaspace       used 20580K, capacity 21195K, committed 21248K, reserved 1067008K
  class space    used 2518K, capacity 2796K, committed 2816K, reserved 1048576K
}
Event: 13.627 GC heap before
{Heap before GC invocations=4 (full 0):
 garbage-first heap   total 131072K, used 53503K [0x0000000780000000, 0x0000000800000000)
  region size 1024K, 47 young (48128K), 5 survivors (5120K)
 Metaspace       used 34453K, capacity 35944K, committed 36048K, reserved 1081344K
  class space    used 4394K, capacity 5063K, committed 5116K, reserved 1048576K
}
Event: 13.661 GC heap after
{Heap after GC invocations=5 (full 0):
 garbage-first heap   total 131072K, used 15041K [0x0000000780000000, 0x0000000800000000)
  region size 1024K, 10 young (10240K), 10 survivors (10240K)
 Metaspace       used 34453K, capacity 35944K, committed 36048K, reserved 1081344K
  class space    used 4394K, capacity 5063K, committed 5116K, reserved 1048576K
}

