# JRE version: OpenJDK Runtime Environment SapMachine (11.0.13+8) (build 11.0.13+8-LTS-sapmachine)
# Java VM: OpenJDK 64-Bit Server VM SapMachine (11.0.13+8-LTS-sapmachine, mixed mode, tiered, compressed oops, g1 gc, bsd-amd64)
Heap:
 garbage-first heap   total 131072K, used 46334K [0x0000000780000000, 0x0000000800000000)
  region size 1024K, 42 young (43008K), 5 survivors (5120K)
 Metaspace       used 29929K, capacity 31348K, committed 31692K, reserved 1077248K
  class space    used 3892K, capacity 4530K, committed 4556K, reserved 1048576K
GC Heap History (6 events):
Event: 0.839 GC heap before
{Heap before GC invocations=0 (full 0):
 garbage-first heap   total 131072K, used 13312K [0x0000000780000000, 0x0000000800000000)
  region size 1024K, 14 young (14336K), 0 survivors (0K)
 Metaspace       used 10391K, capacity 10660K, committed 11008K, reserved 1058816K
  class space    used 1043K, capacity 1154K, committed 1280K, reserved 1048576K
}
Event: 0.845 GC heap after
{Heap after GC invocations=1 (full 0):
 garbage-first heap   total 131072K, used 3192K [0x0000000780000000, 0x0000000800000000)
  region size 1024K, 2 young (2048K), 2 survivors (2048K)
 Metaspace       used 10391K, capacity 10660K, committed 11008K, reserved 1058816K
  class space    used 1043K, capacity 1154K, committed 1280K, reserved 1048576K
}
Event: 1.729 GC heap before
{Heap before GC invocations=1 (full 0):
 garbage-first heap   total 131072K, used 14456K [0x0000000780000000, 0x0000000800000000)
  region size 1024K, 13 young (13312K), 2 survivors (2048K)
 Metaspace       used 14696K, capacity 15195K, committed 15488K, reserved 1062912K
  class space    used 1594K, capacity 1795K, committed 1920K, reserved 1048576K
}
Event: 1.732 GC heap after
{Heap after GC invocations=2 (full 0):
 garbage-first heap   total 131072K, used 4216K [0x0000000780000000, 0x0000000800000000)
  region size 1024K, 2 young (2048K), 2 survivors (2048K)
 Metaspace       used 14696K, capacity 15195K, committed 15488K, reserved 1062912K
  class space    used 1594K, capacity 1795K, committed 1920K, reserved 1048576K
}
Event: 2.382 GC heap before
{Heap before GC invocations=2 (full 0):
 garbage-first heap   total 131072K, used 21624K [0x0000000780000000, 0x0000000800000000)
  region size 1024K, 20 young (20480K), 2 survivors (2048K)
 Metaspace       used 20516K, capacity 21219K, committed 21296K, reserved 1069056K
  class space    used 2385K, capacity 2674K, committed 2688K, reserved 1048576K
}
Event: 2.388 GC heap after
{Heap after GC invocations=3 (full 0):
 garbage-first heap   total 131072K, used 7422K [0x0000000780000000, 0x0000000800000000)
  region size 1024K, 5 young (5120K), 5 survivors (5120K)
 Metaspace       used 20516K, capacity 21219K, committed 21296K, reserved 1069056K
  class space    used 2385K, capacity 2674K, committed 2688K, reserved 1048576K
}

