# JRE version: OpenJDK Runtime Environment SapMachine (11.0.13+8) (build 11.0.13+8-LTS-sapmachine)
# Java VM: OpenJDK 64-Bit Server VM SapMachine (11.0.13+8-LTS-sapmachine, mixed mode, tiered, compressed oops, g1 gc, bsd-amd64)
Heap:
 garbage-first heap   total 131072K, used 26022K [0x0000000780000000, 0x0000000800000000)
  region size 1024K, 21 young (21504K), 4 survivors (4096K)
 Metaspace       used 24664K, capacity 25565K, committed 25648K, reserved 1071104K
  class space    used 3057K, capacity 3427K, committed 3456K, reserved 1048576K
GC Heap History (6 events):
Event: 0.766 GC heap before
{Heap before GC invocations=0 (full 0):
 garbage-first heap   total 131072K, used 13312K [0x0000000780000000, 0x0000000800000000)
  region size 1024K, 14 young (14336K), 0 survivors (0K)
 Metaspace       used 10566K, capacity 10852K, committed 11264K, reserved 1058816K
  class space    used 1057K, capacity 1154K, committed 1280K, reserved 1048576K
}
Event: 0.773 GC heap after
{Heap after GC invocations=1 (full 0):
 garbage-first heap   total 131072K, used 3066K [0x0000000780000000, 0x0000000800000000)
  region size 1024K, 2 young (2048K), 2 survivors (2048K)
 Metaspace       used 10566K, capacity 10852K, committed 11264K, reserved 1058816K
  class space    used 1057K, capacity 1154K, committed 1280K, reserved 1048576K
}
Event: 1.571 GC heap before
{Heap before GC invocations=1 (full 0):
 garbage-first heap   total 131072K, used 12282K [0x0000000780000000, 0x0000000800000000)
  region size 1024K, 11 young (11264K), 2 survivors (2048K)
 Metaspace       used 14586K, capacity 15050K, committed 15360K, reserved 1062912K
  class space    used 1580K, capacity 1745K, committed 1792K, reserved 1048576K
}
Event: 1.585 GC heap after
{Heap after GC invocations=2 (full 0):
 garbage-first heap   total 131072K, used 4518K [0x0000000780000000, 0x0000000800000000)
  region size 1024K, 2 young (2048K), 2 survivors (2048K)
 Metaspace       used 14586K, capacity 15050K, committed 15360K, reserved 1062912K
  class space    used 1580K, capacity 1745K, committed 1792K, reserved 1048576K
}
Event: 2.252 GC heap before
{Heap before GC invocations=2 (full 0):
 garbage-first heap   total 131072K, used 21926K [0x0000000780000000, 0x0000000800000000)
  region size 1024K, 20 young (20480K), 2 survivors (2048K)
 Metaspace       used 20413K, capacity 21089K, committed 21296K, reserved 1069056K
  class space    used 2345K, capacity 2627K, committed 2688K, reserved 1048576K
}
Event: 2.260 GC heap after
{Heap after GC invocations=3 (full 0):
 garbage-first heap   total 131072K, used 7590K [0x0000000780000000, 0x0000000800000000)
  region size 1024K, 4 young (4096K), 4 survivors (4096K)
 Metaspace       used 20413K, capacity 21089K, committed 21296K, reserved 1069056K
  class space    used 2345K, capacity 2627K, committed 2688K, reserved 1048576K
}

